<?xml version="1.0" encoding="utf-8"?><testsuites name="pytest tests"><testsuite name="pytest" errors="0" failures="0" skipped="0" tests="5" time="5.210" timestamp="2026-06-25T05:40:33.819461+00:00" hostname="agent-env-0d00701e-b3cd-40e0-9d37-dcdde61302ab"><testcase classname="tests.e2e.test_iter21_permissoes_fase2.TestCatalogo" name="test_catalogo_contains_gerencial" time="0.214" /><testcase classname="tests.e2e.test_iter21_permissoes_fase2.TestPermissoesEnforcement" name="test_classes_endpoint" time="0.488" /><testcase classname="tests.e2e.test_iter21_permissoes_fase2.TestPermissoesEnforcement" name="test_salvar_apenas_cliente_abrir_para_vendedor" time="1.063" /><testcase classname="tests.e2e.test_iter21_permissoes_fase2.TestPermissoesEnforcement" name="test_classe_sem_permissao_volta_vazia" time="1.093" /><testcase classname="tests.e2e.test_iter21_permissoes_fase2.TestPermissoesEnforcement" name="test_gerencial_pode_ser_salvo" time="2.228" /></testsuite></testsuites>