<?xml version="1.0" encoding="utf-8"?><testsuites name="pytest tests"><testsuite name="pytest" errors="0" failures="0" skipped="0" tests="9" time="4.414" timestamp="2026-06-23T22:51:01.845071+00:00" hostname="agent-env-52d3e49d-c8f5-400f-a974-1cb92b4a2e91"><testcase classname="backend.tests.test_iter11_relatorios_empresa.TestControleEmpresa" name="test_empresa_returns_fantasia" time="0.634" /><testcase classname="backend.tests.test_iter11_relatorios_empresa.TestRelatorioPedidos" name="test_sem_filtros_retorna_pedido_1" time="0.458" /><testcase classname="backend.tests.test_iter11_relatorios_empresa.TestRelatorioPedidos" name="test_filtro_situacao_fechado_vazio" time="0.431" /><testcase classname="backend.tests.test_iter11_relatorios_empresa.TestRelatorioPedidos" name="test_filtro_situacao_aberto_retorna_pedido" time="0.432" /><testcase classname="backend.tests.test_iter11_relatorios_empresa.TestRelatorioPedidos" name="test_filtro_vendedor_carlos" time="0.449" /><testcase classname="backend.tests.test_iter11_relatorios_empresa.TestRelatorioPedidos" name="test_filtro_vendedor_inexistente_vazio" time="0.466" /><testcase classname="backend.tests.test_iter11_relatorios_empresa.TestRelatorioPedidos" name="test_periodo_no_passado_vazio" time="0.474" /><testcase classname="backend.tests.test_iter11_relatorios_empresa.TestExpansaoPedido" name="test_margem_pedido_1" time="0.468" /><testcase classname="backend.tests.test_iter11_relatorios_empresa.TestExpansaoPedido" name="test_descontos_pedido_1" time="0.431" /></testsuite></testsuites>