<?xml version="1.0" encoding="utf-8"?><testsuites name="pytest tests"><testsuite name="pytest" errors="0" failures="0" skipped="0" tests="26" time="11.347" timestamp="2026-06-24T03:58:11.548893+00:00" hostname="agent-env-0d00701e-b3cd-40e0-9d37-dcdde61302ab"><testcase classname="tests.e2e.test_iter16_regressao_refactor.TestSmoke" name="test_api_root" time="0.209" /><testcase classname="tests.e2e.test_iter16_regressao_refactor.TestLogin" name="test_master_kontacto" time="0.046" /><testcase classname="tests.e2e.test_iter16_regressao_refactor.TestLogin" name="test_user_estela_vendedor" time="0.602" /><testcase classname="tests.e2e.test_iter16_regressao_refactor.TestLogin" name="test_user_adm" time="0.523" /><testcase classname="tests.e2e.test_iter16_regressao_refactor.TestLogin" name="test_user_carlos" time="0.504" /><testcase classname="tests.e2e.test_iter16_regressao_refactor.TestLogin" name="test_invalid_credentials_no_leak" time="0.439" /><testcase classname="tests.e2e.test_iter16_regressao_refactor.TestLogin" name="test_missing_fields_400" time="0.044" /><testcase classname="tests.e2e.test_iter16_regressao_refactor.TestLookups" name="test_area_atuacao" time="0.433" /><testcase classname="tests.e2e.test_iter16_regressao_refactor.TestLookups" name="test_funcionarios" time="0.428" /><testcase classname="tests.e2e.test_iter16_regressao_refactor.TestLookups" name="test_tipo_cliente" time="0.439" /><testcase classname="tests.e2e.test_iter16_regressao_refactor.TestLookups" name="test_controle_desconto_limites" time="0.459" /><testcase classname="tests.e2e.test_iter16_regressao_refactor.TestLookups" name="test_controle_empresa" time="0.479" /><testcase classname="tests.e2e.test_iter16_regressao_refactor.TestClientes" name="test_list_clientes" time="0.527" /><testcase classname="tests.e2e.test_iter16_regressao_refactor.TestClientes" name="test_clientes_search" time="0.419" /><testcase classname="tests.e2e.test_iter16_regressao_refactor.TestClientes" name="test_get_cliente_existente" time="1.001" /><testcase classname="tests.e2e.test_iter16_regressao_refactor.TestClientes" name="test_find_by_cgc_inexistente" time="0.431" /><testcase classname="tests.e2e.test_iter16_regressao_refactor.TestProdutos" name="test_list_produtos_servicos_all" time="0.487" /><testcase classname="tests.e2e.test_iter16_regressao_refactor.TestProdutos" name="test_list_produtos_only" time="0.427" /><testcase classname="tests.e2e.test_iter16_regressao_refactor.TestProdutos" name="test_produto_foto_inexistente_204" time="0.047" /><testcase classname="tests.e2e.test_iter16_regressao_refactor.TestPedidos" name="test_list_pedidos" time="0.484" /><testcase classname="tests.e2e.test_iter16_regressao_refactor.TestPedidos" name="test_get_pedido_1" time="0.453" /><testcase classname="tests.e2e.test_iter16_regressao_refactor.TestPedidos" name="test_list_itens_pedido_1" time="0.496" /><testcase classname="tests.e2e.test_iter16_regressao_refactor.TestDescontos" name="test_list_descontos_pedido_1" time="0.439" /><testcase classname="tests.e2e.test_iter16_regressao_refactor.TestRelatorios" name="test_dashboard_data_hoje" time="0.456" /><testcase classname="tests.e2e.test_iter16_regressao_refactor.TestRelatorios" name="test_relatorio_pedidos_amplo" time="0.467" /><testcase classname="tests.e2e.test_iter16_regressao_refactor.TestRelatorios" name="test_relatorio_descontos_margem" time="0.499" /></testsuite></testsuites>