<?xml version="1.0" encoding="utf-8"?><testsuites name="pytest tests"><testsuite name="pytest" errors="0" failures="0" skipped="0" tests="9" time="28.648" timestamp="2026-06-26T00:52:18.802265+00:00" hostname="agent-env-0d00701e-b3cd-40e0-9d37-dcdde61302ab"><testcase classname="tests.e2e.test_iter31_whatsapp_api.TestConfig" name="test_get_config_masks_secrets" time="0.848" /><testcase classname="tests.e2e.test_iter31_whatsapp_api.TestConfig" name="test_save_config_preserves_secret_when_empty" time="3.822" /><testcase classname="tests.e2e.test_iter31_whatsapp_api.TestConfig" name="test_enable_config_for_send_tests" time="1.886" /><testcase classname="tests.e2e.test_iter31_whatsapp_api.TestPreview" name="test_preview_os_7" time="0.994" /><testcase classname="tests.e2e.test_iter31_whatsapp_api.TestPreview" name="test_preview_ped_1" time="1.015" /><testcase classname="tests.e2e.test_iter31_whatsapp_api.TestPreview" name="test_preview_invalid_doc" time="0.438" /><testcase classname="tests.e2e.test_iter31_whatsapp_api.TestSend" name="test_send_disabled_returns_message" time="9.940" /><testcase classname="tests.e2e.test_iter31_whatsapp_api.TestSend" name="test_send_enabled_invalid_provider_logs_failed" time="8.972" /><testcase classname="tests.e2e.test_iter31_whatsapp_api.TestLogs" name="test_logs_endpoint_ok" time="0.651" /></testsuite></testsuites>