<?xml version="1.0" encoding="utf-8"?><testsuites name="pytest tests"><testsuite name="pytest" errors="0" failures="0" skipped="0" tests="14" time="0.023" timestamp="2026-06-29T20:35:50.591757+00:00" hostname="agent-env-0d00701e-b3cd-40e0-9d37-dcdde61302ab"><testcase classname="tests.test_margem_lucro" name="test_margem_pct_nao_operacional" time="0.000" /><testcase classname="tests.test_margem_lucro" name="test_margem_pct_operacional" time="0.000" /><testcase classname="tests.test_margem_lucro" name="test_margem_pct_custo_zero_operacional_retorna_100" time="0.000" /><testcase classname="tests.test_margem_lucro" name="test_margem_pct_venda_zero_nao_operacional_retorna_0" time="0.000" /><testcase classname="tests.test_margem_lucro" name="test_agregar_item_e_dav_nao_operacional" time="0.000" /><testcase classname="tests.test_margem_lucro" name="test_agregar_os_item_nao_cobrado_zera_venda_mas_mantem_custo" time="0.000" /><testcase classname="tests.test_margem_lucro" name="test_agregar_separa_davs_por_tipo_e_doc" time="0.000" /><testcase classname="tests.test_margem_lucro" name="test_agregar_itens_aparecem_em_resultado_operacional" time="0.000" /><testcase classname="tests.test_margem_lucro" name="test_montar_query_placeholders_batem_com_params" time="0.000" /><testcase classname="tests.test_margem_lucro" name="test_montar_query_sem_fontes_retorna_vazio" time="0.000" /><testcase classname="tests.test_margem_lucro" name="test_montar_query_nivel_em_chunks_de_3" time="0.000" /><testcase classname="tests.test_margem_lucro" name="test_montar_query_nao_concatena_valores_de_filtro" time="0.000" /><testcase classname="tests.test_margem_lucro" name="test_montar_query_situacao_in_com_placeholders" time="0.000" /><testcase classname="tests.test_margem_lucro" name="test_montar_query_somente_venda_direta_usa_subquery" time="0.000" /></testsuite></testsuites>