<?xml version="1.0" encoding="utf-8"?><testsuites name="pytest tests"><testsuite name="pytest" errors="0" failures="0" skipped="0" tests="6" time="3.395" timestamp="2026-06-24T01:36:55.252027+00:00" hostname="agent-env-52d3e49d-c8f5-400f-a974-1cb92b4a2e91"><testcase classname="backend.tests.test_iter15_reconciliacao_totais.TestDashboardReconciliacao" name="test_dashboard_situacao_todos" time="0.761" /><testcase classname="backend.tests.test_iter15_reconciliacao_totais.TestDashboardReconciliacao" name="test_dashboard_situacao_aberto" time="0.520" /><testcase classname="backend.tests.test_iter15_reconciliacao_totais.TestDashboardReconciliacao" name="test_dashboard_situacao_fechado_vazio" time="0.531" /><testcase classname="backend.tests.test_iter15_reconciliacao_totais.TestRelatorioPedidosReconciliacao" name="test_periodo_amplo" time="0.502" /><testcase classname="backend.tests.test_iter15_reconciliacao_totais.TestRelatorioPedidosReconciliacao" name="test_filtro_situacao_aberto" time="0.478" /><testcase classname="backend.tests.test_iter15_reconciliacao_totais.TestRelatorioPedidosReconciliacao" name="test_filtro_situacao_fechado_vazio" time="0.509" /></testsuite></testsuites>