<?xml version="1.0" encoding="utf-8"?><testsuites name="pytest tests"><testsuite name="pytest" errors="0" failures="0" skipped="0" tests="9" time="15.106" timestamp="2026-06-26T19:35:38.754025+00:00" hostname="agent-env-0d00701e-b3cd-40e0-9d37-dcdde61302ab"><testcase classname="tests.e2e.test_iter34_fechar_estoque.TestOSFecharEEstoque" name="test_01_create_os_e_estoque_inclusao_remocao" time="4.139" /><testcase classname="tests.e2e.test_iter34_fechar_estoque.TestOSFecharEEstoque" name="test_02_fechar_os_sem_itens_retorna_erro" time="0.571" /><testcase classname="tests.e2e.test_iter34_fechar_estoque.TestOSFecharEEstoque" name="test_03_adiciona_item_e_fecha_os_ok" time="3.579" /><testcase classname="tests.e2e.test_iter34_fechar_estoque.TestOSFecharEEstoque" name="test_04_fechar_os_ja_fechada_retorna_erro" time="0.465" /><testcase classname="tests.e2e.test_iter34_fechar_estoque.TestPedidoFecharEEstoque" name="test_05_pedido_aberto_inclusao_item_NAO_move_estoque" time="2.548" /><testcase classname="tests.e2e.test_iter34_fechar_estoque.TestPedidoFecharEEstoque" name="test_06_fechar_pedido_baixa_estoque" time="1.625" /><testcase classname="tests.e2e.test_iter34_fechar_estoque.TestPedidoFecharEEstoque" name="test_07_fechar_pedido_ja_fechado_retorna_erro" time="0.463" /><testcase classname="tests.e2e.test_iter34_fechar_estoque.TestPedidoFecharEEstoque" name="test_08_fechar_pedido_sem_itens_retorna_erro" time="1.187" /><testcase classname="tests.e2e.test_iter34_fechar_estoque.TestProdutosCamposEstoque" name="test_09_produtos_expor_qtd_reservado_reservado_os_total" time="0.441" /></testsuite></testsuites>