<?xml version="1.0" encoding="utf-8"?><testsuites name="pytest tests"><testsuite name="pytest" errors="0" failures="0" skipped="0" tests="8" time="24.569" timestamp="2026-06-26T01:15:10.707353+00:00" hostname="agent-env-0d00701e-b3cd-40e0-9d37-dcdde61302ab"><testcase classname="tests.e2e.test_iter32_template_desconto_geral.TestWhatsappTemplate" name="test_save_and_read_template" time="3.734" /><testcase classname="tests.e2e.test_iter32_template_desconto_geral.TestWhatsappTemplate" name="test_preview_renders_template" time="3.061" /><testcase classname="tests.e2e.test_iter32_template_desconto_geral.TestWhatsappTemplate" name="test_preview_unknown_var_becomes_empty" time="3.087" /><testcase classname="tests.e2e.test_iter32_template_desconto_geral.TestWhatsappTemplate" name="test_empty_template_falls_back_to_default" time="3.341" /><testcase classname="tests.e2e.test_iter32_template_desconto_geral.TestOSDescontoGeral" name="test_zera_desconto_primeiro" time="0.793" /><testcase classname="tests.e2e.test_iter32_template_desconto_geral.TestOSDescontoGeral" name="test_aplica_desconto_geral_reduz_total" time="2.194" /><testcase classname="tests.e2e.test_iter32_template_desconto_geral.TestOSDescontoGeral" name="test_valor_zero_zera_descontos" time="1.240" /><testcase classname="tests.e2e.test_iter32_template_desconto_geral.TestOSDescontoGeral" name="test_analise_ok_apos_desconto" time="7.039" /></testsuite></testsuites>