<?xml version="1.0" encoding="utf-8"?><testsuites name="pytest tests"><testsuite name="pytest" errors="0" failures="0" skipped="0" tests="5" time="5.131" timestamp="2026-06-25T07:07:03.235017+00:00" hostname="agent-env-0d00701e-b3cd-40e0-9d37-dcdde61302ab"><testcase classname="tests.e2e.test_iter24_controle_config.TestCampos" name="test_campos_retorna_38" time="0.298" /><testcase classname="tests.e2e.test_iter24_controle_config.TestRead" name="test_get_valores_38_booleans" time="0.536" /><testcase classname="tests.e2e.test_iter24_controle_config.TestSalvarESobreposicao" name="test_desliga_pedido_venda_e_sobrepoe" time="2.832" /><testcase classname="tests.e2e.test_iter24_controle_config.TestSalvarESobreposicao" name="test_religa_e_restaura_estado" time="1.353" /><testcase classname="tests.e2e.test_iter24_controle_config.TestCatalogoSemFiltro" name="test_catalogo_sem_filtro_inclui_pedido" time="0.038" /></testsuite></testsuites>