<?xml version="1.0" encoding="utf-8"?><testsuites name="pytest tests"><testsuite name="pytest" errors="0" failures="0" skipped="0" tests="7" time="12.245" timestamp="2026-06-25T19:16:20.783697+00:00" hostname="agent-env-0d00701e-b3cd-40e0-9d37-dcdde61302ab"><testcase classname="tests.e2e.test_iter29_os_full_pedido_custo.TestOSCamposNovos" name="test_get_retorna_todos_campos_novos" time="1.874" /><testcase classname="tests.e2e.test_iter29_os_full_pedido_custo.TestOSCamposNovos" name="test_update_persiste_alteracoes" time="1.086" /><testcase classname="tests.e2e.test_iter29_os_full_pedido_custo.TestOSCamposNovos" name="test_add_item_produto_grava_custo_reposicao" time="0.968" /><testcase classname="tests.e2e.test_iter29_os_full_pedido_custo.TestOSCamposNovos" name="test_add_item_servico_grava_valor_hora" time="2.991" /><testcase classname="tests.e2e.test_iter29_os_full_pedido_custo.TestPedidoCustoServico" name="test_add_item_produto_grava_custo_reposicao" time="1.643" /><testcase classname="tests.e2e.test_iter29_os_full_pedido_custo.TestPedidoCustoServico" name="test_add_item_servico_grava_valor_hora_NAO_zero" time="0.892" /><testcase classname="tests.e2e.test_iter29_os_full_pedido_custo.TestPedidoCustoServico" name="test_list_itens_pedido" time="2.712" /></testsuite></testsuites>