<?xml version="1.0" encoding="utf-8"?><testsuites name="pytest tests"><testsuite name="pytest" errors="0" failures="0" skipped="0" tests="19" time="16.237" timestamp="2026-06-25T17:21:23.379574+00:00" hostname="agent-env-0d00701e-b3cd-40e0-9d37-dcdde61302ab"><testcase classname="tests.e2e.test_iter28_os_module.TestOSList" name="test_list_os_basic" time="1.377" /><testcase classname="tests.e2e.test_iter28_os_module.TestOSList" name="test_list_filtra_aberta" time="0.519" /><testcase classname="tests.e2e.test_iter28_os_module.TestOSList" name="test_list_search_por_codigo" time="0.560" /><testcase classname="tests.e2e.test_iter28_os_module.TestOSList" name="test_list_search_cliente" time="0.536" /><testcase classname="tests.e2e.test_iter28_os_module.TestOSList" name="test_list_situacao_inexistente" time="0.568" /><testcase classname="tests.e2e.test_iter28_os_module.TestOSGet" name="test_get_existente" time="0.426" /><testcase classname="tests.e2e.test_iter28_os_module.TestOSGet" name="test_get_inexistente" time="0.487" /><testcase classname="tests.e2e.test_iter28_os_module.TestOSLifecycle" name="test_01_create_persistido_via_get" time="1.075" /><testcase classname="tests.e2e.test_iter28_os_module.TestOSLifecycle" name="test_02_update_header" time="1.118" /><testcase classname="tests.e2e.test_iter28_os_module.TestOSLifecycle" name="test_03_add_item_produto_P001" time="0.840" /><testcase classname="tests.e2e.test_iter28_os_module.TestOSLifecycle" name="test_04_add_item_servico_S01" time="0.904" /><testcase classname="tests.e2e.test_iter28_os_module.TestOSLifecycle" name="test_05_list_itens_e_subtotal" time="0.574" /><testcase classname="tests.e2e.test_iter28_os_module.TestOSLifecycle" name="test_06_update_item_recalcula_total" time="1.322" /><testcase classname="tests.e2e.test_iter28_os_module.TestOSLifecycle" name="test_07_delete_item" time="1.857" /><testcase classname="tests.e2e.test_iter28_os_module.TestOSLifecycle" name="test_08_add_item_qtd_zero_falha" time="0.516" /><testcase classname="tests.e2e.test_iter28_os_module.TestOSLifecycle" name="test_09_add_item_produto_inexistente_falha" time="0.618" /><testcase classname="tests.e2e.test_iter28_os_module.TestOSLifecycle" name="test_10_update_item_inexistente_falha" time="1.879" /><testcase classname="tests.e2e.test_iter28_os_module.TestOSValidations" name="test_get_itens_os_inexistente" time="0.471" /><testcase classname="tests.e2e.test_iter28_os_module.TestOSValidations" name="test_update_os_inexistente_404_like" time="0.483" /></testsuite></testsuites>