<?xml version="1.0" encoding="utf-8"?><testsuites name="pytest tests"><testsuite name="pytest" errors="0" failures="0" skipped="0" tests="5" time="5.505" timestamp="2026-06-25T19:46:54.514314+00:00" hostname="agent-env-0d00701e-b3cd-40e0-9d37-dcdde61302ab"><testcase classname="tests.e2e.test_iter30_os_analise_descontos.TestOSAnaliseEDescontos7" name="test_analise_os7_retorna_totais_e_itens" time="1.242" /><testcase classname="tests.e2e.test_iter30_os_analise_descontos.TestOSAnaliseEDescontos7" name="test_descontos_os7_estrutura" time="0.478" /><testcase classname="tests.e2e.test_iter30_os_analise_descontos.TestOSCriarComDesconto" name="test_add_item_com_desconto" time="1.491" /><testcase classname="tests.e2e.test_iter30_os_analise_descontos.TestOSCriarComDesconto" name="test_descontos_lista_item_e_total" time="0.433" /><testcase classname="tests.e2e.test_iter30_os_analise_descontos.TestOSCriarComDesconto" name="test_analise_reflete_desconto" time="1.802" /></testsuite></testsuites>