<?xml version="1.0" encoding="utf-8"?><testsuites name="pytest tests"><testsuite name="pytest" errors="0" failures="0" skipped="0" tests="3" time="1.426" timestamp="2026-06-24T01:11:28.806271+00:00" hostname="agent-env-52d3e49d-c8f5-400f-a974-1cb92b4a2e91"><testcase classname="backend.tests.test_iter14_login_security_relpedidos_total.TestLoginInvalidNoLeak" name="test_invalid_login_returns_generic_message_only" time="0.730" /><testcase classname="backend.tests.test_iter14_login_security_relpedidos_total.TestLoginMasterOK" name="test_master_login_success" time="0.101" /><testcase classname="backend.tests.test_iter14_login_security_relpedidos_total.TestRelatorioPedidosTotalProdServ" name="test_relatorio_returns_produtos_servicos" time="0.515" /></testsuite></testsuites>