<?xml version="1.0" encoding="utf-8"?><testsuites name="pytest tests"><testsuite name="pytest" errors="0" failures="0" skipped="0" tests="7" time="2.674" timestamp="2026-06-25T06:24:35.300895+00:00" hostname="agent-env-0d00701e-b3cd-40e0-9d37-dcdde61302ab"><testcase classname="tests.e2e.test_iter23_permissoes_pedido_catalog.TestCatalogoPedido" name="test_pedido_node_exists" time="0.227" /><testcase classname="tests.e2e.test_iter23_permissoes_pedido_catalog.TestCatalogoPedido" name="test_pedido_has_exact_commands" time="0.040" /><testcase classname="tests.e2e.test_iter23_permissoes_pedido_catalog.TestCatalogoPedido" name="test_pedido_does_NOT_contain_excluir" time="0.041" /><testcase classname="tests.e2e.test_iter23_permissoes_pedido_catalog.TestCatalogoPedido" name="test_pedido_labels_match_real_buttons" time="0.039" /><testcase classname="tests.e2e.test_iter23_permissoes_pedido_catalog.TestPersistenciaSubsetVendedor" name="test_salvar_subset_para_vendedor" time="0.734" /><testcase classname="tests.e2e.test_iter23_permissoes_pedido_catalog.TestPersistenciaSubsetVendedor" name="test_ler_e_validar_subset" time="0.447" /><testcase classname="tests.e2e.test_iter23_permissoes_pedido_catalog.TestPersistenciaSubsetVendedor" name="test_sensíveis_não_persistidos_para_vendedor" time="1.078" /></testsuite></testsuites>