<?xml version="1.0" encoding="utf-8"?><testsuites name="pytest tests"><testsuite name="pytest" errors="0" failures="0" skipped="0" tests="4" time="26.377" timestamp="2026-06-29T20:36:18.555776+00:00" hostname="agent-env-0d00701e-b3cd-40e0-9d37-dcdde61302ab"><testcase classname="tests.test_margem_lucro_api" name="test_margem_lucro_status_200" time="5.072" /><testcase classname="tests.test_margem_lucro_api" name="test_consolidado_tem_campo_desconto" time="10.610" /><testcase classname="tests.test_margem_lucro_api" name="test_empresa_tem_total_desconto" time="4.821" /><testcase classname="tests.test_margem_lucro_api" name="test_multiempresa_consolida_desconto" time="5.764" /></testsuite></testsuites>