<?xml version="1.0" encoding="utf-8"?><testsuites name="pytest tests"><testsuite name="pytest" errors="0" failures="0" skipped="0" tests="6" time="3.737" timestamp="2026-06-24T00:40:56.696665+00:00" hostname="agent-env-52d3e49d-c8f5-400f-a974-1cb92b4a2e91"><testcase classname="backend.tests.test_iter13_dashboard_relatorio_totais.TestDashboardMe" name="test_dashboard_returns_descontos_field" time="0.740" /><testcase classname="backend.tests.test_iter13_dashboard_relatorio_totais.TestDashboardMe" name="test_dashboard_situacao_F_zera_descontos" time="0.649" /><testcase classname="backend.tests.test_iter13_dashboard_relatorio_totais.TestRelatorioPedidosTotais" name="test_totais_block_present" time="0.595" /><testcase classname="backend.tests.test_iter13_dashboard_relatorio_totais.TestRelatorioPedidosTotais" name="test_totais_values_match_pedido1" time="0.561" /><testcase classname="backend.tests.test_iter13_dashboard_relatorio_totais.TestRelatorioPedidosTotais" name="test_totais_situacao_F_zerado" time="0.558" /><testcase classname="backend.tests.test_iter13_dashboard_relatorio_totais.TestRelatorioPedidosTotais" name="test_totais_situacao_A_volta" time="0.554" /></testsuite></testsuites>