<?xml version="1.0" encoding="utf-8"?><testsuites name="pytest tests"><testsuite name="pytest" errors="0" failures="0" skipped="0" tests="5" time="3.470" timestamp="2026-06-26T16:52:30.207920+00:00" hostname="agent-env-0d00701e-b3cd-40e0-9d37-dcdde61302ab"><testcase classname="tests.e2e.test_iter33_os_dashboard_relatorios.TestDashboardMe" name="test_dashboard_me_data_2026_06_25" time="0.839" /><testcase classname="tests.e2e.test_iter33_os_dashboard_relatorios.TestDashboardMe" name="test_dashboard_me_today_no_error" time="0.678" /><testcase classname="tests.e2e.test_iter33_os_dashboard_relatorios.TestRelatorioOS" name="test_relatorio_os_periodo" time="0.592" /><testcase classname="tests.e2e.test_iter33_os_dashboard_relatorios.TestRelatorioOS" name="test_relatorio_os_filtro_vendedor_reduz_total" time="0.601" /><testcase classname="tests.e2e.test_iter33_os_dashboard_relatorios.TestRelatorioOSDescontos" name="test_descontos_margem_agrupado" time="0.562" /></testsuite></testsuites>