<?xml version="1.0" encoding="utf-8"?><testsuites name="pytest tests"><testsuite name="pytest" errors="0" failures="0" skipped="0" tests="5" time="4.667" timestamp="2026-06-25T16:06:25.997586+00:00" hostname="agent-env-0d00701e-b3cd-40e0-9d37-dcdde61302ab"><testcase classname="tests.e2e.test_iter26_pedidos_vendedor_filter.TestPedidosVendedorFilter" name="test_vendedor_all_retorna_todos" time="0.818" /><testcase classname="tests.e2e.test_iter26_pedidos_vendedor_filter.TestPedidosVendedorFilter" name="test_vendedor_omitido_equivale_a_all" time="1.264" /><testcase classname="tests.e2e.test_iter26_pedidos_vendedor_filter.TestPedidosVendedorFilter" name="test_vendedor_inexistente_retorna_zero" time="0.617" /><testcase classname="tests.e2e.test_iter26_pedidos_vendedor_filter.TestPedidosVendedorFilter" name="test_vendedor_numerico_filtra" time="1.285" /><testcase classname="tests.e2e.test_iter26_pedidos_vendedor_filter.TestFuncionariosListaParaFiltro" name="test_get_funcionarios_retorna_lista" time="0.564" /></testsuite></testsuites>