<?xml version="1.0" encoding="utf-8"?><testsuites name="pytest tests"><testsuite name="pytest" errors="0" failures="0" skipped="0" tests="26" time="11.386" timestamp="2026-06-24T02:30:48.588631+00:00" hostname="agent-env-0d00701e-b3cd-40e0-9d37-dcdde61302ab"><testcase classname="backend.tests.test_iter16_regressao_refactor.TestSmoke" name="test_api_root" time="0.139" /><testcase classname="backend.tests.test_iter16_regressao_refactor.TestLogin" name="test_master_kontacto" time="0.045" /><testcase classname="backend.tests.test_iter16_regressao_refactor.TestLogin" name="test_user_estela_vendedor" time="0.588" /><testcase classname="backend.tests.test_iter16_regressao_refactor.TestLogin" name="test_user_adm" time="0.551" /><testcase classname="backend.tests.test_iter16_regressao_refactor.TestLogin" name="test_user_carlos" time="0.517" /><testcase classname="backend.tests.test_iter16_regressao_refactor.TestLogin" name="test_invalid_credentials_no_leak" time="0.455" /><testcase classname="backend.tests.test_iter16_regressao_refactor.TestLogin" name="test_missing_fields_400" time="0.042" /><testcase classname="backend.tests.test_iter16_regressao_refactor.TestLookups" name="test_area_atuacao" time="0.441" /><testcase classname="backend.tests.test_iter16_regressao_refactor.TestLookups" name="test_funcionarios" time="0.394" /><testcase classname="backend.tests.test_iter16_regressao_refactor.TestLookups" name="test_tipo_cliente" time="0.437" /><testcase classname="backend.tests.test_iter16_regressao_refactor.TestLookups" name="test_controle_desconto_limites" time="0.472" /><testcase classname="backend.tests.test_iter16_regressao_refactor.TestLookups" name="test_controle_empresa" time="0.384" /><testcase classname="backend.tests.test_iter16_regressao_refactor.TestClientes" name="test_list_clientes" time="0.523" /><testcase classname="backend.tests.test_iter16_regressao_refactor.TestClientes" name="test_clientes_search" time="0.403" /><testcase classname="backend.tests.test_iter16_regressao_refactor.TestClientes" name="test_get_cliente_existente" time="1.111" /><testcase classname="backend.tests.test_iter16_regressao_refactor.TestClientes" name="test_find_by_cgc_inexistente" time="0.428" /><testcase classname="backend.tests.test_iter16_regressao_refactor.TestProdutos" name="test_list_produtos_servicos_all" time="0.503" /><testcase classname="backend.tests.test_iter16_regressao_refactor.TestProdutos" name="test_list_produtos_only" time="0.416" /><testcase classname="backend.tests.test_iter16_regressao_refactor.TestProdutos" name="test_produto_foto_inexistente_204" time="0.043" /><testcase classname="backend.tests.test_iter16_regressao_refactor.TestPedidos" name="test_list_pedidos" time="0.545" /><testcase classname="backend.tests.test_iter16_regressao_refactor.TestPedidos" name="test_get_pedido_1" time="0.415" /><testcase classname="backend.tests.test_iter16_regressao_refactor.TestPedidos" name="test_list_itens_pedido_1" time="0.490" /><testcase classname="backend.tests.test_iter16_regressao_refactor.TestDescontos" name="test_list_descontos_pedido_1" time="0.408" /><testcase classname="backend.tests.test_iter16_regressao_refactor.TestRelatorios" name="test_dashboard_data_hoje" time="0.499" /><testcase classname="backend.tests.test_iter16_regressao_refactor.TestRelatorios" name="test_relatorio_pedidos_amplo" time="0.553" /><testcase classname="backend.tests.test_iter16_regressao_refactor.TestRelatorios" name="test_relatorio_descontos_margem" time="0.474" /></testsuite></testsuites>