<?xml version="1.0" encoding="utf-8"?><testsuites name="pytest tests"><testsuite name="pytest" errors="0" failures="0" skipped="0" tests="8" time="5.836" timestamp="2026-06-23T23:38:52.218033+00:00" hostname="agent-env-52d3e49d-c8f5-400f-a974-1cb92b4a2e91"><testcase classname="backend.tests.test_iter12_desconto_item.TestDescontoLimites" name="test_get_limites" time="0.652" /><testcase classname="backend.tests.test_iter12_desconto_item.TestFuncionariosCombo" name="test_lista_funcionarios" time="0.470" /><testcase classname="backend.tests.test_iter12_desconto_item.TestAddItemComDesconto" name="test_get_pedido_inicial" time="0.458" /><testcase classname="backend.tests.test_iter12_desconto_item.TestAddItemComDesconto" name="test_add_item_com_desconto_pct" time="0.849" /><testcase classname="backend.tests.test_iter12_desconto_item.TestAddItemComDesconto" name="test_desconto_aparece_relatorio" time="0.448" /><testcase classname="backend.tests.test_iter12_desconto_item.TestAddItemComDesconto" name="test_total_pedido_subiu" time="0.457" /><testcase classname="backend.tests.test_iter12_desconto_item.TestAddItemComDesconto" name="test_cleanup_remove_item" time="0.720" /><testcase classname="backend.tests.test_iter12_desconto_item.TestDescontoLimiteValidacao" name="test_desconto_acima_limite_pct" time="1.714" /></testsuite></testsuites>